\BOOKMARK [1][-]{section.1}{\376\377\133\236\232\214\151\202\121\265}{}% 1
\BOOKMARK [2][-]{subsection.1.1}{\376\377\133\236\232\214\163\257\130\203}{section.1}% 2
\BOOKMARK [2][-]{subsection.1.2}{\376\377\215\205\123\302\145\160\213\276\177\156}{section.1}% 3
\BOOKMARK [2][-]{subsection.1.3}{\376\377\133\236\232\214\176\323\147\234\154\107\140\073}{section.1}% 4
\BOOKMARK [1][-]{section.2}{\376\377\116\343\170\001\210\145\121\150}{}% 5
\BOOKMARK [2][-]{subsection.2.1}{\376\377\000c\000o\000l\000l\000e\000c\000t\000\137\000t\000r\000a\000j\000e\000c\000t\000o\000r\000i\000e\000s\000\040\133\236\163\260}{section.2}% 6
\BOOKMARK [3][-]{subsubsection.2.1.1}{\376\377\221\307\150\067\120\134\153\142\147\141\116\366}{subsection.2.1}% 7
\BOOKMARK [3][-]{subsubsection.2.1.2}{\376\377\217\150\217\371\145\160\143\156\116\016\000\040\000E\000p\000i\000s\000o\000d\000e\000\040\217\271\165\114\131\004\164\006}{subsection.2.1}% 8
\BOOKMARK [3][-]{subsubsection.2.1.3}{\376\377\000m\000a\000s\000k\000s\000\040\166\204\117\134\165\050}{subsection.2.1}% 9
\BOOKMARK [3][-]{subsubsection.2.1.4}{\376\377\221\307\150\067\124\016\221\315\177\156\163\257\130\203\166\204\137\305\211\201\140\047}{subsection.2.1}% 10
\BOOKMARK [2][-]{subsection.2.2}{\376\377\000\137\000u\000p\000d\000a\000t\000e\000\137\000p\000o\000l\000i\000c\000y\000\040\133\236\163\260}{section.2}% 11
\BOOKMARK [3][-]{subsubsection.2.2.1}{\376\377\133\232\164\006\124\053\116\111\116\016\123\125\214\003\145\071\217\333\147\141\116\366}{subsection.2.2}% 12
\BOOKMARK [3][-]{subsubsection.2.2.2}{\376\377\124\021\116\373\141\017\226\217\147\072\173\126\165\145\166\204\143\250\136\177}{subsection.2.2}% 13
\BOOKMARK [3][-]{subsubsection.2.2.3}{\376\377\000S\000u\000r\000r\000o\000g\000a\000t\000e\000\040\000O\000b\000j\000e\000c\000t\000i\000v\000e\000\040\166\204\133\236\226\105\213\276\213\241}{subsection.2.2}% 14
\BOOKMARK [3][-]{subsubsection.2.2.4}{\376\377\000K\000L\000\040\176\246\147\137\116\016\176\277\144\034\175\042\166\204\137\305\211\201\140\047}{subsection.2.2}% 15
\BOOKMARK [1][-]{section.3}{\376\377\143\242\175\042\220\350\122\006}{}% 16
\BOOKMARK [2][-]{subsection.3.1}{\376\377\116\015\124\014\163\257\130\203\166\204\213\255\176\303\226\276\136\246}{section.3}% 17
\BOOKMARK [2][-]{subsection.3.2}{\376\377\000T\000r\000a\000j\000e\000c\000t\000o\000r\000y\000\040\116\016\000\040\000R\000o\000l\000l\000o\000u\000t\000\040\166\204\150\067\147\054\122\051\165\050\163\207\135\356\137\002}{section.3}% 18
\BOOKMARK [2][-]{subsection.3.3}{\376\377\000A\000d\000v\000a\000n\000t\000a\000g\000e\000\040\116\016\000\040\000R\000e\000t\000u\000r\000n\000\040\166\204\213\241\173\227\135\356\137\002}{section.3}% 19
\BOOKMARK [2][-]{subsection.3.4}{\376\377\000A\000d\000v\000a\000n\000t\000a\000g\000e\000\040\000N\000o\000r\000m\000a\000l\000i\000z\000a\000t\000i\000o\000n\000\040\166\204\137\161\124\315}{section.3}% 20
\BOOKMARK [3][-]{subsubsection.3.4.1}{\376\377\116\044\176\304\133\236\232\214\136\163\127\107\126\336\142\245\146\362\176\277\135\356\137\002}{subsection.3.4}% 21
\BOOKMARK [3][-]{subsubsection.3.4.2}{\376\377\000A\000d\000v\000a\000n\000t\000a\000g\000e\000\040\000N\000o\000r\000m\000a\000l\000i\000z\000a\000t\000i\000o\000n\000\040\133\371\213\255\176\303\172\063\133\232\140\047\166\204\137\161\124\315}{subsection.3.4}% 22
\BOOKMARK [3][-]{subsubsection.3.4.3}{\376\377\000A\000d\000v\000a\000n\000t\000a\000g\000e\000\040\000N\000o\000r\000m\000a\000l\000i\000z\000a\000t\000i\000o\000n\000\040\146\057\124\046\140\073\146\057\136\046\147\145\140\047\200\375\143\320\123\107}{subsection.3.4}% 23
\BOOKMARK [2][-]{subsection.3.5}{\376\377\000T\000r\000a\000j\000e\000c\000t\000o\000r\000y\000\040\116\016\000\040\000R\000o\000l\000l\000o\000u\000t\000\040\166\204\150\067\147\054\122\051\165\050\163\207\153\324\217\203}{section.3}% 24
\BOOKMARK [3][-]{subsubsection.3.5.1}{\376\377\153\317\153\041\173\126\165\145\146\364\145\260\117\177\165\050\166\204\000\040\000T\000r\000a\000n\000s\000i\000t\000i\000o\000n\000\040\145\160\221\317}{subsection.3.5}% 25
\BOOKMARK [3][-]{subsubsection.3.5.2}{\376\377\124\352\171\315\152\041\137\017\150\067\147\054\122\051\165\050\163\207\146\364\232\330}{subsection.3.5}% 26
\BOOKMARK [3][-]{subsubsection.3.5.3}{\376\377\150\067\147\054\122\051\165\050\163\207\146\364\232\330\146\057\124\046\141\017\124\163\167\100\213\255\176\303\145\110\147\234\146\364\131\175}{subsection.3.5}% 27
\BOOKMARK [1][-]{section.4}{\376\377\140\073\176\323\116\016\123\315\140\035}{}% 28
\BOOKMARK [1][-]{section.5}{\376\377\140\073\117\123\176\323\213\272}{}% 29
