\BOOKMARK [1][-]{section.1}{\376\377\133\236\232\214\213\276\177\156}{}% 1
\BOOKMARK [1][-]{section.2}{\376\377\116\343\170\001\210\145\121\150}{}% 2
\BOOKMARK [2][-]{subsection.2.1}{\376\377\000c\000o\000l\000l\000e\000c\000t\000\137\000t\000r\000a\000j\000e\000c\000t\000o\000r\000i\000e\000s\000\040\133\236\163\260}{section.2}% 3
\BOOKMARK [3][-]{subsubsection.2.1.1}{\376\377\116\016\146\156\220\032\000\040\000r\000o\000l\000l\000o\000u\000t\000\040\166\204\120\134\153\142\147\141\116\366}{subsection.2.1}% 4
\BOOKMARK [3][-]{subsubsection.2.1.2}{\376\377\153\317\147\141\217\150\217\371\117\335\133\130\166\204\117\341\140\157\060\001\176\310\153\142\131\004\164\006\116\016\000\040\000p\000a\000d\000d\000i\000n\000g}{subsection.2.1}% 5
\BOOKMARK [3][-]{subsubsection.2.1.3}{\376\377\000m\000a\000s\000k\000s\000\040\166\204\117\134\165\050}{subsection.2.1}% 6
\BOOKMARK [3][-]{subsubsection.2.1.4}{\376\377\116\072\117\125\211\201\127\050\153\317\142\171\217\150\217\371\145\066\226\306\133\214\124\016\221\315\145\260\122\035\131\313\123\026\163\257\130\203}{subsection.2.1}% 7
\BOOKMARK [2][-]{subsection.2.2}{\376\377\000\137\000u\000p\000d\000a\000t\000e\000\137\000p\000o\000l\000i\000c\000y\000\040\133\236\163\260}{section.2}% 8
\BOOKMARK [3][-]{subsubsection.2.2.1}{\376\377\133\232\164\006\124\004\230\171\124\053\116\111\116\016\123\125\214\003\145\071\217\333\147\141\116\366}{subsection.2.2}% 9
\BOOKMARK [3][-]{subsubsection.2.2.2}{\376\377\116\016\000\040\000K\000a\000k\000a\000d\000e\040\023\000L\000a\000n\000g\000f\000o\000r\000d\000\040\000T\000h\000e\000o\000r\000e\000m\000\040\0004\000.\0001\000\040\166\204\131\004\164\006\135\356\137\002}{subsection.2.2}% 10
\BOOKMARK [3][-]{subsubsection.2.2.3}{\376\377\000S\000u\000r\000r\000o\000g\000a\000t\000e\000\040\000O\000b\000j\000e\000c\000t\000i\000v\000e\000\040\166\204\133\236\226\105\137\142\137\017}{subsection.2.2}% 11
\BOOKMARK [3][-]{subsubsection.2.2.4}{\376\377\116\072\116\300\116\110\176\246\147\137\000\040\000K\000L\000\040\200\014\227\136\000\040\000T\000V\377\014\116\072\116\300\116\110\227\000\211\201\176\277\144\034\175\042}{subsection.2.2}% 12
\BOOKMARK [1][-]{section.3}{\376\377\143\242\175\042\220\350\122\006}{}% 13
\BOOKMARK [2][-]{subsection.3.1}{\376\377\116\015\124\014\163\257\130\203\166\204\213\255\176\303\226\276\136\246}{section.3}% 14
\BOOKMARK [2][-]{subsection.3.2}{\376\377\000T\000r\000a\000j\000e\000c\000t\000o\000r\000y\000\040\116\016\000\040\000R\000o\000l\000l\000o\000u\000t\000\040\152\041\137\017\116\013\000\040\000a\000d\000v\000a\000n\000t\000a\000g\000e\000\040\116\016\000\040\000r\000e\000t\000u\000r\000n\000\040\166\204\213\241\173\227\135\356\137\002}{section.3}% 15
\BOOKMARK [2][-]{subsection.3.3}{\376\377\000A\000d\000v\000a\000n\000t\000a\000g\000e\000\040\000N\000o\000r\000m\000a\000l\000i\000z\000a\000t\000i\000o\000n\000\040\166\204\137\161\124\315}{section.3}% 16
\BOOKMARK [3][-]{subsubsection.3.3.1}{\376\377\116\044\176\304\221\115\177\156\166\204\126\336\142\245\146\362\176\277\135\356\137\002}{subsection.3.3}% 17
\BOOKMARK [3][-]{subsubsection.3.3.2}{\376\377\213\255\176\303\146\057\124\046\146\364\172\063\133\232}{subsection.3.3}% 18
\BOOKMARK [3][-]{subsubsection.3.3.3}{\376\377\146\057\124\046\140\073\146\057\136\046\147\145\140\047\200\375\143\320\123\107}{subsection.3.3}% 19
\BOOKMARK [2][-]{subsection.3.4}{\376\377\000T\000r\000a\000j\000e\000c\000t\000o\000r\000y\000\040\116\016\000\040\000R\000o\000l\000l\000o\000u\000t\000\040\166\204\150\067\147\054\122\051\165\050\163\207}{section.3}% 20
\BOOKMARK [3][-]{subsubsection.3.4.1}{\376\377\116\044\171\315\152\041\137\017\133\236\226\105\117\177\165\050\166\204\000\040\000t\000r\000a\000n\000s\000i\000t\000i\000o\000n\000\040\145\160}{subsection.3.4}% 21
\BOOKMARK [3][-]{subsubsection.3.4.2}{\376\377\124\352\171\315\152\041\137\017\122\051\165\050\163\207\146\364\232\330\377\014\135\356\137\002\147\000\146\016\146\076\127\050\124\352\116\052\163\257\130\203}{subsection.3.4}% 22
\BOOKMARK [3][-]{subsubsection.3.4.3}{\376\377\122\051\165\050\163\207\232\330\146\057\124\046\141\017\124\163\167\100\145\110\147\234\146\364\131\175}{subsection.3.4}% 23
\BOOKMARK [2][-]{subsection.3.5}{\376\377\213\255\176\303\217\307\172\013\213\312\145\255\377\032\000c\000r\000i\000t\000i\000c\000\040\000l\000o\000s\000s\060\001\000s\000t\000e\000p\000\040\000s\000i\000z\000e\000\040\116\016\000\040\000b\000a\000c\000k\000t\000r\000a\000c\000k}{section.3}% 24
\BOOKMARK [2][-]{subsection.3.6}{\376\377\142\151\134\125\163\257\130\203\377\032\000A\000n\000t\000-\000v\0005\000\040\116\016\000\040\000H\000o\000p\000p\000e\000r\000-\000v\0005}{section.3}% 25
\BOOKMARK [1][-]{section.4}{\376\377\123\315\140\035}{}% 26
\BOOKMARK [2][-]{subsection.4.1}{\376\377\000c\000o\000l\000l\000e\000c\000t\000\137\000t\000r\000a\000j\000e\000c\000t\000o\000r\000i\000e\000s\000\040\146\057\124\046\145\071\123\330\000\040\000T\000R\000P\000O\000\040\166\204\000\040\000o\000n\000-\000p\000o\000l\000i\000c\000y\000\040\140\047\215\050}{section.4}% 27
\BOOKMARK [2][-]{subsection.4.2}{\376\377\123\352\117\335\165\131\116\000\171\315\221\307\150\067\145\271\137\017\377\032\000r\000o\000l\000l\000o\000u\000t\000\040\217\330\146\057\000\040\000t\000r\000a\000j\000e\000c\000t\000o\000r\000y}{section.4}% 28
\BOOKMARK [2][-]{subsection.4.3}{\376\377\133\214\142\020\142\245\124\112\124\016\133\371\000\040\000T\000R\000P\000O\000\040\173\227\154\325\166\204\145\260\213\244\213\306}{section.4}% 29
\BOOKMARK [2][-]{subsection.4.4}{\376\377\133\236\163\260\145\071\217\333\136\372\213\256\060\001\000R\000E\000A\000D\000M\000E\000\040\123\141\160\271\116\016\226\276\136\246\141\037\123\327}{section.4}% 30
\BOOKMARK [1][-]{section.5}{\376\377\140\073\117\123\176\323\213\272}{}% 31
